2015-05-29 20:23:00.706 [main] INFO  ninefoo.application.Application - Application started ...
2015-05-29 20:23:02.237 [main] DEBUG ninefoo.model.Project_model - name = leo
2015-05-29 20:23:02.240 [main] DEBUG ninefoo.model.Project_model - id = 1
2015-05-29 20:23:02.241 [main] DEBUG ninefoo.model.Project_model - name = yui
2015-05-29 20:23:02.243 [main] DEBUG ninefoo.model.Project_model - id = 2
2015-05-29 20:23:02.608 [main] ERROR ninefoo.view.include.menu.Tools - class ninefoo.view.include.menu.Tools
2015-05-29 20:23:06.679 [AWT-EventQueue-0] INFO  ninefoo.view.MainView - Login info= [fdsadfs : fadsdfs]
2015-05-29 20:23:06.686 [AWT-EventQueue-0] ERROR ninefoo.view.MainView - Password must be "demo".
2015-05-29 20:23:08.104 [AWT-EventQueue-0] INFO  ninefoo.view.MainView - Login info= [fdsadfs : fadsdfs]
2015-05-29 20:23:08.104 [AWT-EventQueue-0] ERROR ninefoo.view.MainView - Password must be "demo".
2015-05-29 20:23:08.274 [AWT-EventQueue-0] INFO  ninefoo.view.MainView - Login info= [fdsadfs : fadsdfs]
2015-05-29 20:23:08.275 [AWT-EventQueue-0] ERROR ninefoo.view.MainView - Password must be "demo".
2015-05-29 20:23:08.411 [AWT-EventQueue-0] INFO  ninefoo.view.MainView - Login info= [fdsadfs : fadsdfs]
2015-05-29 20:23:08.411 [AWT-EventQueue-0] ERROR ninefoo.view.MainView - Password must be "demo".
2015-05-29 20:23:08.539 [AWT-EventQueue-0] INFO  ninefoo.view.MainView - Login info= [fdsadfs : fadsdfs]
2015-05-29 20:23:08.540 [AWT-EventQueue-0] ERROR ninefoo.view.MainView - Password must be "demo".
2015-05-29 20:23:08.669 [AWT-EventQueue-0] INFO  ninefoo.view.MainView - Login info= [fdsadfs : fadsdfs]
2015-05-29 20:23:08.670 [AWT-EventQueue-0] ERROR ninefoo.view.MainView - Password must be "demo".
2015-05-29 20:23:08.803 [AWT-EventQueue-0] INFO  ninefoo.view.MainView - Login info= [fdsadfs : fadsdfs]
2015-05-29 20:23:08.804 [AWT-EventQueue-0] ERROR ninefoo.view.MainView - Password must be "demo".
2015-05-29 20:23:08.940 [AWT-EventQueue-0] INFO  ninefoo.view.MainView - Login info= [fdsadfs : fadsdfs]
2015-05-29 20:23:08.940 [AWT-EventQueue-0] ERROR ninefoo.view.MainView - Password must be "demo".
